<?xml version="1.0" encoding="UTF-8"?>
<!-- Generated by org.testng.reporters.JUnitReportReporter -->
<testsuite skipped="0" hostname="DESKTOP-9CTJIKD" name="selenium.testng.EtsyParameter" tests="1" failures="0" timestamp="2021-02-20T13:44:55 CST" time="14.895" errors="0">
  <testcase name="login" time="14.895" classname="selenium.testng.EtsyParameter"/>
  <system-out/>
</testsuite> <!-- selenium.testng.EtsyParameter -->
